{"meta": {"format": 3, "version": "7.15.4", "timestamp": "2026-08-15T03:13:01.766226", "branch_coverage": false, "show_contexts": false}, "files": {"src/taskq_api/api/health.py": {"executed_lines": [28, 30, 31, 32, 34, 35, 36, 38, 39, 40, 43, 44, 46, 51, 56, 71, 73, 74, 75, 76, 81, 82, 85, 86, 89, 90, 92, 96, 97, 98, 101, 112, 119, 120, 121, 122, 123, 124, 137, 138, 141, 154, 155, 156, 157, 158, 163, 175, 178, 179, 191, 194, 195, 211, 212, 213, 214, 218, 219, 220, 221, 222, 226, 238, 245, 249, 269, 270, 277, 292, 299, 300, 301, 309, 310, 311, 316, 318, 319, 325, 329, 331], "summary": {"covered_lines": 82, "num_statements": 100, "percent_covered": 82.0, "percent_covered_display": "82", "missing_lines": 18, "excluded_lines": 0, "percent_statements_covered": 82.0, "percent_statements_covered_display": "82"}, "missing_lines": [72, 83, 84, 93, 159, 160, 285, 286, 287, 288, 289, 304, 307, 312, 313, 314, 315, 320], "excluded_lines": [], "functions": {"_resolve_alembic_head": {"executed_lines": [71, 73, 74, 75, 76, 81, 82, 85, 86, 89, 90, 92, 96, 97, 98], "summary": {"covered_lines": 15, "num_statements": 19, "percent_covered": 78.94736842105263, "percent_covered_display": "79", "missing_lines": 4, "excluded_lines": 0, "percent_statements_covered": 78.94736842105263, "percent_statements_covered_display": "79"}, "missing_lines": [72, 83, 84, 93], "excluded_lines": [], "start_line": 56}, "_extract_string_assignment": {"executed_lines": [119, 120, 121, 122, 123, 124], "summary": {"covered_lines": 6, "num_statements": 6, "percent_covered": 100.0, "percent_covered_display": "100", "missing_lines": 0, "excluded_lines": 0, "percent_statements_covered": 100.0, "percent_statements_covered_display": "100"}, "missing_lines": [], "excluded_lines": [], "start_line": 112}, "check_db_reachable": {"executed_lines": [154, 155, 156, 157, 158], "summary": {"covered_lines": 5, "num_statements": 7, "percent_covered": 71.42857142857143, "percent_covered_display": "71", "missing_lines": 2, "excluded_lines": 0, "percent_statements_covered": 71.42857142857143, "percent_statements_covered_display": "71"}, "missing_lines": [159, 160], "excluded_lines": [], "start_line": 141}, "check_migration_at_head": {"executed_lines": [175], "summary": {"covered_lines": 1, "num_statements": 1, "percent_covered": 100.0, "percent_covered_display": "100", "missing_lines": 0, "excluded_lines": 0, "percent_statements_covered": 100.0, "percent_statements_covered_display": "100"}, "missing_lines": [], "excluded_lines": [], "start_line": 163}, "healthz": {"executed_lines": [191], "summary": {"covered_lines": 1, "num_statements": 1, "percent_covered": 100.0, "percent_covered_display": "100", "missing_lines": 0, "excluded_lines": 0, "percent_statements_covered": 100.0, "percent_statements_covered_display": "100"}, "missing_lines": [], "excluded_lines": [], "start_line": 179}, "readyz": {"executed_lines": [211, 212, 213, 214, 218, 219, 220, 221, 222, 226, 238], "summary": {"covered_lines": 11, "num_statements": 11, "percent_covered": 100.0, "percent_covered_display": "100", "missing_lines": 0, "excluded_lines": 0, "percent_statements_covered": 100.0, "percent_statements_covered_display": "100"}, "missing_lines": [], "excluded_lines": [], "start_line": 195}, "metrics_endpoint": {"executed_lines": [269, 270], "summary": {"covered_lines": 2, "num_statements": 2, "percent_covered": 100.0, "percent_covered_display": "100", "missing_lines": 0, "excluded_lines": 0, "percent_statements_covered": 100.0, "percent_statements_covered_display": "100"}, "missing_lines": [], "excluded_lines": [], "start_line": 249}, "_percentile": {"executed_lines": [], "summary": {"covered_lines": 0, "num_statements": 5, "percent_covered": 0.0, "percent_covered_display": "0", "missing_lines": 5, "excluded_lines": 0, "percent_statements_covered": 0.0, "percent_statements_covered_display": "0"}, "missing_lines": [285, 286, 287, 288, 289], "excluded_lines": [], "start_line": 277}, "_collect_task_metrics": {"executed_lines": [299, 300, 301, 309, 310, 311, 316, 318, 319, 325], "summary": {"covered_lines": 10, "num_statements": 17, "percent_covered": 58.8235294117647, "percent_covered_display": "59", "missing_lines": 7, "excluded_lines": 0, "percent_statements_covered": 58.8235294117647, "percent_statements_covered_display": "59"}, "missing_lines": [304, 307, 312, 313, 314, 315, 320], "excluded_lines": [], "start_line": 292}, "": {"executed_lines": [28, 30, 31, 32, 34, 35, 36, 38, 39, 40, 43, 44, 46, 51, 56, 101, 112, 137, 138, 141, 163, 178, 179, 194, 195, 245, 249, 277, 292, 329, 331], "summary": {"covered_lines": 31, "num_statements": 31, "percent_covered": 100.0, "percent_covered_display": "100", "missing_lines": 0, "excluded_lines": 0, "percent_statements_covered": 100.0, "percent_statements_covered_display": "100"}, "missing_lines": [], "excluded_lines": [], "start_line": 1}}, "classes": {"": {"executed_lines": [28, 30, 31, 32, 34, 35, 36, 38, 39, 40, 43, 44, 46, 51, 56, 71, 73, 74, 75, 76, 81, 82, 85, 86, 89, 90, 92, 96, 97, 98, 101, 112, 119, 120, 121, 122, 123, 124, 137, 138, 141, 154, 155, 156, 157, 158, 163, 175, 178, 179, 191, 194, 195, 211, 212, 213, 214, 218, 219, 220, 221, 222, 226, 238, 245, 249, 269, 270, 277, 292, 299, 300, 301, 309, 310, 311, 316, 318, 319, 325, 329, 331], "summary": {"covered_lines": 82, "num_statements": 100, "percent_covered": 82.0, "percent_covered_display": "82", "missing_lines": 18, "excluded_lines": 0, "percent_statements_covered": 82.0, "percent_statements_covered_display": "82"}, "missing_lines": [72, 83, 84, 93, 159, 160, 285, 286, 287, 288, 289, 304, 307, 312, 313, 314, 315, 320], "excluded_lines": [], "start_line": 1}}}}, "totals": {"covered_lines": 82, "num_statements": 100, "percent_covered": 82.0, "percent_covered_display": "82", "missing_lines": 18, "excluded_lines": 0, "percent_statements_covered": 82.0, "percent_statements_covered_display": "82"}}